state(e,0,0) state(w,0,3)
state(e,0,0) state(w,0,2)
state(e,0,0) state(w,1,1)
state(e,0,0) state(w,0,1)
state(w,0,3) state(e,0,1)
state(w,0,3) state(e,0,2)
state(e,0,1) state(w,0,4)
state(e,0,1) state(w,2,2)
state(w,0,4) state(e,0,3)
state(w,2,2) state(e,1,1)
state(e,0,3) state(w,3,3)
state(e,1,1) state(w,4,1)
state(w,3,3) state(e,2,2)
state(w,4,1) state(e,4,0)
state(e,2,2) state(w,4,3)
state(e,2,2) state(w,4,2)
state(w,4,3) state(e,4,1)
state(w,4,3) state(e,3,3)
state(w,4,3) state(e,4,2)
state(e,4,1) state(w,4,4)
Solution path is: 
state(e,0,0)
state(w,0,3)
state(e,0,1)
state(w,0,4)
state(e,0,3)
state(w,3,3)
state(e,2,2)
state(w,4,3)
state(e,4,1)
state(w,4,4)
