state(e,0,0) state(w,0,2) 
state(e,0,0) state(w,1,1) 
state(e,0,0) state(w,1,0) 
state(e,0,0) state(w,0,1) 
state(e,0,0) state(w,2,0) 
state(w,0,2) state(e,0,0) 
state(w,0,2) state(e,0,1) 
state(w,1,1) state(e,0,0) 
state(w,1,1) state(e,0,1) 
state(w,1,1) state(e,1,0) 
state(w,0,1) state(e,0,0) 
state(e,0,1) state(w,0,3) 
state(e,0,1) state(w,1,2) 
state(e,0,1) state(w,1,1) 
state(e,0,1) state(w,0,2) 
state(e,0,1) state(w,2,1) 
state(w,0,3) state(e,0,1) 
state(w,0,3) state(e,0,2) 
state(e,0,2) state(w,1,3) 
state(e,0,2) state(w,1,2) 
state(e,0,2) state(w,0,3) 
state(e,0,2) state(w,2,2) 
state(w,2,2) state(e,2,0) 
state(w,2,2) state(e,1,1) 
state(w,2,2) state(e,1,2) 
state(w,2,2) state(e,2,1) 
state(w,2,2) state(e,0,2) 
state(e,1,1) state(w,1,3) 
state(e,1,1) state(w,2,2) 
state(e,1,1) state(w,2,1) 
state(e,1,1) state(w,1,2) 
state(e,1,1) state(w,3,1) 
state(w,3,1) state(e,2,0) 
state(w,3,1) state(e,2,1) 
state(w,3,1) state(e,3,0) 
state(w,3,1) state(e,1,1) 
state(e,3,0) state(w,3,2) 
state(e,3,0) state(w,3,1) 
state(w,3,2) state(e,3,0) 
state(w,3,2) state(e,2,1) 
state(w,3,2) state(e,2,2) 
state(w,3,2) state(e,3,1) 
state(w,3,2) state(e,1,2) 
state(e,2,2) state(w,3,3) 
state(e,2,2) state(w,3,2) 
state(e,2,2) state(w,2,3) 
state(e,3,1) state(w,3,3) 
state(e,3,1) state(w,3,2) 
Solution path is: 
state(e,0,0)
state(w,0,2)
state(e,0,1)
state(w,0,3)
state(e,0,2)
state(w,2,2)
state(e,1,1)
state(w,3,1)
state(e,3,0)
state(w,3,2)
state(e,2,2)
state(w,3,3)
